Using pre-set license
Built from '2022.3/staging' branch; Version is '2022.3.15f1 (b58023a2b463) revision 11894819'; Using compiler version '192829333'; Build Type 'Release'
OS: 'Windows 10  (10.0.19045) 64bit Professional' Language: 'ko' Physical Memory: 16318 MB
BatchMode: 1, IsHumanControllingUs: 0, StartBugReporterOnCrash: 0, Is64bit: 1, IsPro: 1

COMMAND LINE ARGUMENTS:
C:\Program Files\Unity 2022.3.15f1\Editor\Unity.exe
-adb2
-batchMode
-noUpm
-name
AssetImportWorker2
-projectPath
C:/Unity_LYJ/Workspace/unity projects/HShooting_06_04
-logFile
Logs/AssetImportWorker2.log
-srvPort
58368
Successfully changed project path to: C:/Unity_LYJ/Workspace/unity projects/HShooting_06_04
C:/Unity_LYJ/Workspace/unity projects/HShooting_06_04
[UnityMemory] Configuration Parameters - Can be set up in boot.config
    "memorysetup-bucket-allocator-granularity=16"
    "memorysetup-bucket-allocator-bucket-count=8"
    "memorysetup-bucket-allocator-block-size=33554432"
    "memorysetup-bucket-allocator-block-count=8"
    "memorysetup-main-allocator-block-size=16777216"
    "memorysetup-thread-allocator-block-size=16777216"
    "memorysetup-gfx-main-allocator-block-size=16777216"
    "memorysetup-gfx-thread-allocator-block-size=16777216"
    "memorysetup-cache-allocator-block-size=4194304"
    "memorysetup-typetree-allocator-block-size=2097152"
    "memorysetup-profiler-bucket-allocator-granularity=16"
    "memorysetup-profiler-bucket-allocator-bucket-count=8"
    "memorysetup-profiler-bucket-allocator-block-size=33554432"
    "memorysetup-profiler-bucket-allocator-block-count=8"
    "memorysetup-profiler-allocator-block-size=16777216"
    "memorysetup-profiler-editor-allocator-block-size=1048576"
    "memorysetup-temp-allocator-size-main=16777216"
    "memorysetup-job-temp-allocator-block-size=2097152"
    "memorysetup-job-temp-allocator-block-size-background=1048576"
    "memorysetup-job-temp-allocator-reduction-small-platforms=262144"
    "memorysetup-allocator-temp-initial-block-size-main=262144"
    "memorysetup-allocator-temp-initial-block-size-worker=262144"
    "memorysetup-temp-allocator-size-background-worker=32768"
    "memorysetup-temp-allocator-size-job-worker=262144"
    "memorysetup-temp-allocator-size-preload-manager=33554432"
    "memorysetup-temp-allocator-size-nav-mesh-worker=65536"
    "memorysetup-temp-allocator-size-audio-worker=65536"
    "memorysetup-temp-allocator-size-cloud-worker=32768"
    "memorysetup-temp-allocator-size-gi-baking-worker=262144"
    "memorysetup-temp-allocator-size-gfx=262144"
Player connection [18632] Host "[IP] 192.168.5.137 [Port] 0 [Flags] 2 [Guid] 283953006 [EditorId] 283953006 [Version] 1048832 [Id] WindowsEditor(7,DESKTOP-FF9I0AO) [Debug] 1 [PackageName] WindowsEditor [ProjectName] Editor" joined multi-casting on [225.0.0.222:54997]...

Player connection [18632] Host "[IP] 192.168.5.137 [Port] 0 [Flags] 2 [Guid] 283953006 [EditorId] 283953006 [Version] 1048832 [Id] WindowsEditor(7,DESKTOP-FF9I0AO) [Debug] 1 [PackageName] WindowsEditor [ProjectName] Editor" joined alternative multi-casting on [225.0.0.222:34997]...

[Physics::Module] Initialized MultithreadedJobDispatcher with 11 workers.
Refreshing native plugins compatible for Editor in 55.29 ms, found 7 plugins.
Preloading 0 native plugins for Editor in 0.00 ms.
Initialize engine version: 2022.3.15f1 (b58023a2b463)
[Subsystems] Discovering subsystems at path C:/Program Files/Unity 2022.3.15f1/Editor/Data/Resources/UnitySubsystems
[Subsystems] Discovering subsystems at path C:/Unity_LYJ/Workspace/unity projects/HShooting_06_04/Assets
GfxDevice: creating device client; threaded=0; jobified=0
Direct3D:
    Version:  Direct3D 11.0 [level 11.1]
    Renderer: NVIDIA GeForce GTX 1660 (ID=0x2184)
    Vendor:   NVIDIA
    VRAM:     5981 MB
    Driver:   31.0.15.4601
Initialize mono
Mono path[0] = 'C:/Program Files/Unity 2022.3.15f1/Editor/Data/Managed'
Mono path[1] = 'C:/Program Files/Unity 2022.3.15f1/Editor/Data/MonoBleedingEdge/lib/mono/unityjit-win32'
Mono config path = 'C:/Program Files/Unity 2022.3.15f1/Editor/Data/MonoBleedingEdge/etc'
Using monoOptions --debugger-agent=transport=dt_socket,embedding=1,server=y,suspend=n,address=127.0.0.1:56856
Begin MonoManager ReloadAssembly
Registering precompiled unity dll's ...
Register platform support module: C:/Program Files/Unity 2022.3.15f1/Editor/Data/PlaybackEngines/WindowsStandaloneSupport/UnityEditor.WindowsStandalone.Extensions.dll
Registered in 0.006063 seconds.
- Loaded All Assemblies, in  0.328 seconds
Native extension for WindowsStandalone target not found
Mono: successfully reloaded assembly
- Finished resetting the current domain, in  0.258 seconds
Domain Reload Profiling: 585ms
	BeginReloadAssembly (101ms)
		ExecutionOrderSort (0ms)
		DisableScriptedObjects (0ms)
		BackupInstance (0ms)
		ReleaseScriptingObjects (0ms)
		CreateAndSetChildDomain (1ms)
	RebuildCommonClasses (32ms)
	RebuildNativeTypeToScriptingClass (10ms)
	initialDomainReloadingComplete (52ms)
	LoadAllAssembliesAndSetupDomain (132ms)
		LoadAssemblies (99ms)
		RebuildTransferFunctionScriptingTraits (0ms)
		AnalyzeDomain (130ms)
			TypeCache.Refresh (129ms)
				TypeCache.ScanAssembly (114ms)
			ScanForSourceGeneratedMonoScriptInfo (0ms)
			ResolveRequiredComponents (0ms)
	FinalizeReload (259ms)
		ReleaseScriptCaches (0ms)
		RebuildScriptCaches (0ms)
		SetupLoadedEditorAssemblies (199ms)
			LogAssemblyErrors (0ms)
			InitializePlatformSupportModulesInManaged (8ms)
			SetLoadedEditorAssemblies (7ms)
			RefreshPlugins (0ms)
			BeforeProcessingInitializeOnLoad (2ms)
			ProcessInitializeOnLoadAttributes (131ms)
			ProcessInitializeOnLoadMethodAttributes (51ms)
			AfterProcessingInitializeOnLoad (0ms)
			EditorAssembliesLoaded (0ms)
		ExecutionOrderSort2 (0ms)
		AwakeInstancesAfterBackupRestoration (0ms)
========================================================================
Worker process is ready to serve import requests
Begin MonoManager ReloadAssembly
- Loaded All Assemblies, in  0.727 seconds
Refreshing native plugins compatible for Editor in 18.38 ms, found 7 plugins.
Native extension for WindowsStandalone target not found
Package Manager log level set to [2]
[Package Manager] Server::EnsureServerProcessIsRunning -- launch failed, reason: Unity was launched with the -noUpm command-line argument
[Package Manager] UpmClient::Send -- Unable to send message (not connected to UPM process).
[Package Manager] Cannot connect to Unity Package Manager local server
Mono: successfully reloaded assembly
- Finished resetting the current domain, in  0.566 seconds
Domain Reload Profiling: 1290ms
	BeginReloadAssembly (136ms)
		ExecutionOrderSort (0ms)
		DisableScriptedObjects (5ms)
		BackupInstance (0ms)
		ReleaseScriptingObjects (0ms)
		CreateAndSetChildDomain (18ms)
	RebuildCommonClasses (30ms)
	RebuildNativeTypeToScriptingClass (10ms)
	initialDomainReloadingComplete (51ms)
	LoadAllAssembliesAndSetupDomain (497ms)
		LoadAssemblies (415ms)
		RebuildTransferFunctionScriptingTraits (0ms)
		AnalyzeDomain (163ms)
			TypeCache.Refresh (135ms)
				TypeCache.ScanAssembly (122ms)
			ScanForSourceGeneratedMonoScriptInfo (21ms)
			ResolveRequiredComponents (5ms)
	FinalizeReload (566ms)
		ReleaseScriptCaches (0ms)
		RebuildScriptCaches (0ms)
		SetupLoadedEditorAssemblies (415ms)
			LogAssemblyErrors (0ms)
			InitializePlatformSupportModulesInManaged (5ms)
			SetLoadedEditorAssemblies (4ms)
			RefreshPlugins (0ms)
			BeforeProcessingInitializeOnLoad (72ms)
			ProcessInitializeOnLoadAttributes (295ms)
			ProcessInitializeOnLoadMethodAttributes (33ms)
			AfterProcessingInitializeOnLoad (6ms)
			EditorAssembliesLoaded (0ms)
		ExecutionOrderSort2 (0ms)
		AwakeInstancesAfterBackupRestoration (6ms)
Launched and connected shader compiler UnityShaderCompiler.exe after 0.04 seconds
Refreshing native plugins compatible for Editor in 6.05 ms, found 7 plugins.
Preloading 0 native plugins for Editor in 0.00 ms.
Unloading 4208 Unused Serialized files (Serialized files now loaded: 0)
Unloading 70 unused Assets / (64.3 KB). Loaded Objects now: 4666.
Memory consumption went from 149.9 MB to 149.9 MB.
Total: 3.203100 ms (FindLiveObjects: 0.325400 ms CreateObjectMapping: 0.232800 ms MarkObjects: 2.538200 ms  DeleteObjects: 0.105400 ms)

AssetImportParameters requested are different than current active one (requested -> active):
  custom:container-demuxer-ogg: 62fdf1f143b41e24485cea50d1cbac27 -> 
  custom:video-decoder-ogg-theora: a1e56fd34408186e4bbccfd4996cb3dc -> 
  custom:framework-win-MediaFoundation: 216162199b28c13a410421893ffa2e32 -> 
  custom:CustomObjectIndexerAttribute: 43b350a4d6e6d1791af0b5038c4bea17 -> 
  custom:container-demuxer-webm: 4f35f7cbe854078d1ac9338744f61a02 -> 
  custom:container-muxer-webm: aa71ff27fc2769a1b78a27578f13a17b -> 
  custom:video-decoder-webm-vp8: 9c59270c3fd7afecdb556c50c9e8de78 -> 
  custom:SearchIndexIgnoredProperties: e643bd26f0fe6173181afceb89e7c659 -> 
  custom:AudioImporter_EditorPlatform: d09bf68614088b80899f8185d706f6e7 -> 
  custom:video-encoder-webm-vp8: eb34c28f22e8b96e1ab97ce403110664 -> 
  custom:audio-decoder-ogg-vorbis: bf7c407c2cedff20999df2af8eb42d56 -> 
  custom:audio-encoder-webm-vorbis: bf7c407c2cedff20999df2af8eb42d56 -> 
========================================================================
Received Import Request.
  Time since last request: 167419.929129 seconds.
  path: Assets/Fonts/Binggrae.ttf
  artifactKey: Guid(b8dbfde356d112a41a047896e7fa9a23) Importer(815301076,1909f56bfc062723c751e8b465ee728b)
Start importing Assets/Fonts/Binggrae.ttf using Guid(b8dbfde356d112a41a047896e7fa9a23) Importer(815301076,1909f56bfc062723c751e8b465ee728b)  -> (artifact id: 'c29a2961dfbc25dace05dc5f81de7932') in 0.105616 seconds
Number of updated asset objects reloaded before import = 0
Number of asset objects unloaded after import = 4
========================================================================
Received Import Request.
  Time since last request: 551.251932 seconds.
  path: Assets/Images/StoreImage/facebook_Login_kor.png
  artifactKey: Guid(87c23252a11225843a040dfd638ac6c2) Importer(815301076,1909f56bfc062723c751e8b465ee728b)
Start importing Assets/Images/StoreImage/facebook_Login_kor.png using Guid(87c23252a11225843a040dfd638ac6c2) Importer(815301076,1909f56bfc062723c751e8b465ee728b)  -> (artifact id: 'ee20fc620349bcbed17138dc85d04d3a') in 0.215143 seconds
Number of updated asset objects reloaded before import = 0
Number of asset objects unloaded after import = 3
========================================================================
Received Import Request.
  Time since last request: 0.000023 seconds.
  path: Assets/Images/Grey_Circle.png
  artifactKey: Guid(5bb282fccc5238f4eb53fd5c000adabe) Importer(815301076,1909f56bfc062723c751e8b465ee728b)
Start importing Assets/Images/Grey_Circle.png using Guid(5bb282fccc5238f4eb53fd5c000adabe) Importer(815301076,1909f56bfc062723c751e8b465ee728b)  -> (artifact id: '22da721e238f25078b8c7ce3bf67196b') in 0.030353 seconds
Number of updated asset objects reloaded before import = 0
Number of asset objects unloaded after import = 3
========================================================================
Received Import Request.
  Time since last request: 0.000023 seconds.
  path: Assets/Images/UI/games_achievements_white.png
  artifactKey: Guid(c93a05589319d8640a8a9c1cb8bb59c6) Importer(815301076,1909f56bfc062723c751e8b465ee728b)
Start importing Assets/Images/UI/games_achievements_white.png using Guid(c93a05589319d8640a8a9c1cb8bb59c6) Importer(815301076,1909f56bfc062723c751e8b465ee728b)  -> (artifact id: 'a576f242b9cc43d1cd76a3510eaa9735') in 0.029308 seconds
Number of updated asset objects reloaded before import = 0
Number of asset objects unloaded after import = 3
========================================================================
Received Import Request.
  Time since last request: 0.000014 seconds.
  path: Assets/Images/UI/games_leaderboards_white.png
  artifactKey: Guid(0cd959128ad5e4448a09584237351a05) Importer(815301076,1909f56bfc062723c751e8b465ee728b)
Start importing Assets/Images/UI/games_leaderboards_white.png using Guid(0cd959128ad5e4448a09584237351a05) Importer(815301076,1909f56bfc062723c751e8b465ee728b)  -> (artifact id: '007efd39e4771556d552717a201d7248') in 0.024236 seconds
Number of updated asset objects reloaded before import = 0
Number of asset objects unloaded after import = 3
========================================================================
Received Import Request.
  Time since last request: 0.000021 seconds.
  path: Assets/Images/UI/Game_Cog_1.png
  artifactKey: Guid(0fc6b820f714763499727e7ef18e79ac) Importer(815301076,1909f56bfc062723c751e8b465ee728b)
Start importing Assets/Images/UI/Game_Cog_1.png using Guid(0fc6b820f714763499727e7ef18e79ac) Importer(815301076,1909f56bfc062723c751e8b465ee728b)  -> (artifact id: '5a44b1680fcc4f66fc1fc76f087562a7') in 0.021029 seconds
Number of updated asset objects reloaded before import = 0
Number of asset objects unloaded after import = 3
========================================================================
Received Import Request.
  Time since last request: 0.000022 seconds.
  path: Assets/Images/UI/Grey_Circle.png
  artifactKey: Guid(81e7d1f85e0a8e14082fca3330b9ad4d) Importer(815301076,1909f56bfc062723c751e8b465ee728b)
Start importing Assets/Images/UI/Grey_Circle.png using Guid(81e7d1f85e0a8e14082fca3330b9ad4d) Importer(815301076,1909f56bfc062723c751e8b465ee728b)  -> (artifact id: 'f9b51a5dc88f8c3d2118bc0b4b95d5f1') in 0.025362 seconds
Number of updated asset objects reloaded before import = 0
Number of asset objects unloaded after import = 3
========================================================================
Received Import Request.
  Time since last request: 0.089291 seconds.
  path: Assets/Images/hpbar_white.png
  artifactKey: Guid(b9d88049d9b46264c89af85f0570e310) Importer(815301076,1909f56bfc062723c751e8b465ee728b)
Start importing Assets/Images/hpbar_white.png using Guid(b9d88049d9b46264c89af85f0570e310) Importer(815301076,1909f56bfc062723c751e8b465ee728b)  -> (artifact id: '6e68d53b46c655ad137cebd0c0703b8e') in 0.025698 seconds
Number of updated asset objects reloaded before import = 0
Number of asset objects unloaded after import = 3
========================================================================
Received Import Request.
  Time since last request: 0.000024 seconds.
  path: Assets/Resources/IconImg/m0054.png
  artifactKey: Guid(5dc65d10cbd74e845a049684f6cb56c4) Importer(815301076,1909f56bfc062723c751e8b465ee728b)
Start importing Assets/Resources/IconImg/m0054.png using Guid(5dc65d10cbd74e845a049684f6cb56c4) Importer(815301076,1909f56bfc062723c751e8b465ee728b)  -> (artifact id: '0d234361ad875993719203d20326e1f7') in 0.029020 seconds
Number of updated asset objects reloaded before import = 0
Number of asset objects unloaded after import = 3
========================================================================
Received Import Request.
  Time since last request: 0.000023 seconds.
  path: Assets/Images/m_visual2021.jpg
  artifactKey: Guid(aafb83fa3c01ceb4181dc30e2d58b688) Importer(815301076,1909f56bfc062723c751e8b465ee728b)
Start importing Assets/Images/m_visual2021.jpg using Guid(aafb83fa3c01ceb4181dc30e2d58b688) Importer(815301076,1909f56bfc062723c751e8b465ee728b)  -> (artifact id: 'c6485ab63206b252800ff4a1605e763d') in 0.025619 seconds
Number of updated asset objects reloaded before import = 0
Number of asset objects unloaded after import = 3
========================================================================
Received Import Request.
  Time since last request: 0.000022 seconds.
  path: Assets/Images/UI/main_exit.png
  artifactKey: Guid(0195bac5f285f3f4e8d43faf96ca3cc0) Importer(815301076,1909f56bfc062723c751e8b465ee728b)
Start importing Assets/Images/UI/main_exit.png using Guid(0195bac5f285f3f4e8d43faf96ca3cc0) Importer(815301076,1909f56bfc062723c751e8b465ee728b)  -> (artifact id: '8a2a3d236c60624d9d17f97462a11d6c') in 0.026446 seconds
Number of updated asset objects reloaded before import = 0
Number of asset objects unloaded after import = 3
========================================================================
Received Import Request.
  Time since last request: 0.000092 seconds.
  path: Assets/Images/UI/main_shop.png
  artifactKey: Guid(24e161b8a8781d14ca2892b85ceae6f4) Importer(815301076,1909f56bfc062723c751e8b465ee728b)
Start importing Assets/Images/UI/main_shop.png using Guid(24e161b8a8781d14ca2892b85ceae6f4) Importer(815301076,1909f56bfc062723c751e8b465ee728b)  -> (artifact id: '1b285e49b84d853e18ba13c06cf36034') in 0.026560 seconds
Number of updated asset objects reloaded before import = 0
Number of asset objects unloaded after import = 3
========================================================================
Received Import Request.
  Time since last request: 0.000014 seconds.
  path: Assets/Resources/IconImg/m0367.png
  artifactKey: Guid(80fb2563b86d3bd4fb41a41fa0d059c9) Importer(815301076,1909f56bfc062723c751e8b465ee728b)
Start importing Assets/Resources/IconImg/m0367.png using Guid(80fb2563b86d3bd4fb41a41fa0d059c9) Importer(815301076,1909f56bfc062723c751e8b465ee728b)  -> (artifact id: '2c611a6432ec7e200155e6105a34da89') in 0.024494 seconds
Number of updated asset objects reloaded before import = 0
Number of asset objects unloaded after import = 3
========================================================================
Received Import Request.
  Time since last request: 0.000013 seconds.
  path: Assets/Images/itemshop_coin.png
  artifactKey: Guid(ed71fdcd0d10f304abd48249b7f9949e) Importer(815301076,1909f56bfc062723c751e8b465ee728b)
Start importing Assets/Images/itemshop_coin.png using Guid(ed71fdcd0d10f304abd48249b7f9949e) Importer(815301076,1909f56bfc062723c751e8b465ee728b)  -> (artifact id: '64494536370fdb7506b3c50e6bf40db5') in 0.024398 seconds
Number of updated asset objects reloaded before import = 0
Number of asset objects unloaded after import = 3
========================================================================
Received Import Request.
  Time since last request: 0.000015 seconds.
  path: Assets/Resources/IconImg/m0423.png
  artifactKey: Guid(82d1c8c663b981c46abdd33fcbd96593) Importer(815301076,1909f56bfc062723c751e8b465ee728b)
Start importing Assets/Resources/IconImg/m0423.png using Guid(82d1c8c663b981c46abdd33fcbd96593) Importer(815301076,1909f56bfc062723c751e8b465ee728b)  -> (artifact id: 'c4895e00c70011ab8c3bf6bbac7eda4e') in 0.029813 seconds
Number of updated asset objects reloaded before import = 0
Number of asset objects unloaded after import = 3
Editor requested this worker to shutdown with reason: Scaling down because of idle timeout
TcpMessagingSession - receive error: operation aborted. errorcode: 995, details: 스레드 종료 또는 응용 프로그램 요청 때문에 I/O 작업이 취소되었습니다.
AssetImportWorker is now disconnected from the server
Process exiting
Exiting without the bug reporter. Application will terminate with return code 0